[debug] [2023-05-02T15:31:25.985Z] ----------------------------------------------------------------------
[debug] [2023-05-02T15:31:25.986Z] Command:       C:\Program Files\nodejs\node.exe C:\Users\biggi\AppData\Roaming\npm\node_modules\firebase-tools\lib\bin\firebase.js init
[debug] [2023-05-02T15:31:25.987Z] CLI Version:   11.29.1
[debug] [2023-05-02T15:31:25.987Z] Platform:      win32
[debug] [2023-05-02T15:31:25.987Z] Node Version:  v18.14.0
[debug] [2023-05-02T15:31:25.987Z] Time:          Tue May 02 2023 11:31:25 GMT-0400 (Eastern Daylight Time)
[debug] [2023-05-02T15:31:25.988Z] ----------------------------------------------------------------------
[debug] 
[debug] [2023-05-02T15:31:25.992Z] > command requires scopes: ["email","openid","https://www.googleapis.com/auth/cloudplatformprojects.readonly","https://www.googleapis.com/auth/firebase","https://www.googleapis.com/auth/cloud-platform"]
[debug] [2023-05-02T15:31:25.993Z] > authorizing via signed-in user (zioncmagee@gmail.com)
[info] 
     ######## #### ########  ######## ########     ###     ######  ########
     ##        ##  ##     ## ##       ##     ##  ##   ##  ##       ##
     ######    ##  ########  ######   ########  #########  ######  ######
     ##        ##  ##    ##  ##       ##     ## ##     ##       ## ##
     ##       #### ##     ## ######## ########  ##     ##  ######  ########

You're about to initialize a Firebase project in this directory:

  C:\Users\biggi\Documents\visualstudio\SWE4713APP\SWE4713_applicationDomain-audreySprint1

[info] 
=== Project Setup
[info] 
[info] First, let's associate this project directory with a Firebase project.
[info] You can create multiple project aliases by running firebase use --add, 
[info] but for now we'll just set up a default project.
[info] 
[debug] [2023-05-02T15:32:34.039Z] >>> [apiv2][query] GET https://firebase.googleapis.com/v1beta1/projects pageSize=100
[debug] [2023-05-02T15:32:34.612Z] <<< [apiv2][status] GET https://firebase.googleapis.com/v1beta1/projects 200
[debug] [2023-05-02T15:32:34.613Z] <<< [apiv2][body] GET https://firebase.googleapis.com/v1beta1/projects [omitted]
[info] i  Using project swe4713appdom (SWE4713AppDom) 
[info] 
=== Hosting Setup
[info] 
[info] Your public directory is the folder (relative to your project directory) that
[info] will contain Hosting assets to be uploaded with firebase deploy. If you
[info] have a build process for your assets, use your build's output directory.
[info] 
